<?xml version="1.0" encoding="UTF-8"?>
<!-- Generated by org.testng.reporters.JUnitXMLReporter -->
<testsuite ignored="0" hostname="DESKTOP-ARDRHE0" failures="0" tests="5" name="Test" time="53.091" errors="0" timestamp="2023-03-31T18:23:27 IST">
  <testcase classname="testcases.End" name="sauce" time="3.014"/>
  <testcase classname="testcases.VerifyLoginDDT" name="loginDtt" time="10.974"/>
  <testcase classname="testcases.VerifyLoginDDT" name="loginDtt" time="10.437"/>
  <testcase classname="testcases.VerifyLoginDDT" name="loginDtt" time="10.424"/>
  <testcase classname="testcases.VerifyLoginDDT" name="loginDtt" time="0.762"/>
</testsuite> <!-- Test -->
