<?xml version="1.0" encoding="UTF-8"?>
<testng-results ignored="0" total="5" passed="5" failed="0" skipped="0">
  <reporter-output>
  </reporter-output>
  <suite started-at="2023-03-31T18:22:34 IST" name="Suite" finished-at="2023-03-31T18:23:27 IST" duration-ms="53091">
    <groups>
      <group name="regression">
        <method signature="End.sauce()[pri:0, instance:testcases.End@359df09a]" name="sauce" class="testcases.End"/>
      </group> <!-- regression -->
      <group name="smoke">
        <method signature="VerifyLoginDDT.loginDtt(java.lang.String,java.lang.String,java.lang.String)[pri:0, instance:testcases.VerifyLoginDDT@5b799640]" name="loginDtt" class="testcases.VerifyLoginDDT"/>
      </group> <!-- smoke -->
    </groups>
    <test started-at="2023-03-31T18:22:34 IST" name="Test" finished-at="2023-03-31T18:23:27 IST" duration-ms="53091">
      <class name="testcases.VerifyLoginDDT">
        <test-method is-config="true" signature="setUp()[pri:0, instance:testcases.VerifyLoginDDT@5b799640]" started-at="2023-03-31T18:22:37 IST" name="setUp" finished-at="2023-03-31T18:22:44 IST" duration-ms="6212" status="PASS">
          <reporter-output>
          </reporter-output>
        </test-method> <!-- setUp -->
        <test-method signature="loginDtt(java.lang.String,java.lang.String,java.lang.String)[pri:0, instance:testcases.VerifyLoginDDT@5b799640]" started-at="2023-03-31T18:22:44 IST" name="loginDtt" data-provider="LoginCred" finished-at="2023-03-31T18:22:55 IST" duration-ms="10974" status="PASS">
          <params>
            <param index="0">
              <value>
                <![CDATA[pavanoltraining@gmail.com]]>
              </value>
            </param>
            <param index="1">
              <value>
                <![CDATA[test123]]>
              </value>
            </param>
            <param index="2">
              <value>
                <![CDATA[Invalid]]>
              </value>
            </param>
          </params>
          <reporter-output>
          </reporter-output>
        </test-method> <!-- loginDtt -->
        <test-method is-config="true" signature="tearDown()[pri:0, instance:testcases.VerifyLoginDDT@5b799640]" started-at="2023-03-31T18:22:55 IST" name="tearDown" finished-at="2023-03-31T18:22:55 IST" duration-ms="392" status="PASS">
          <reporter-output>
          </reporter-output>
        </test-method> <!-- tearDown -->
        <test-method is-config="true" signature="setUp()[pri:0, instance:testcases.VerifyLoginDDT@5b799640]" started-at="2023-03-31T18:22:55 IST" name="setUp" finished-at="2023-03-31T18:22:58 IST" duration-ms="2940" status="PASS">
          <reporter-output>
          </reporter-output>
        </test-method> <!-- setUp -->
        <test-method signature="loginDtt(java.lang.String,java.lang.String,java.lang.String)[pri:0, instance:testcases.VerifyLoginDDT@5b799640]" started-at="2023-03-31T18:22:58 IST" name="loginDtt" data-provider="LoginCred" finished-at="2023-03-31T18:23:08 IST" duration-ms="10437" status="PASS">
          <params>
            <param index="0">
              <value>
                <![CDATA[pavanoltraining@gmail.com]]>
              </value>
            </param>
            <param index="1">
              <value>
                <![CDATA[test]]>
              </value>
            </param>
            <param index="2">
              <value>
                <![CDATA[Invalid]]>
              </value>
            </param>
          </params>
          <reporter-output>
          </reporter-output>
        </test-method> <!-- loginDtt -->
        <test-method is-config="true" signature="tearDown()[pri:0, instance:testcases.VerifyLoginDDT@5b799640]" started-at="2023-03-31T18:23:08 IST" name="tearDown" finished-at="2023-03-31T18:23:09 IST" duration-ms="387" status="PASS">
          <reporter-output>
          </reporter-output>
        </test-method> <!-- tearDown -->
        <test-method is-config="true" signature="setUp()[pri:0, instance:testcases.VerifyLoginDDT@5b799640]" started-at="2023-03-31T18:23:09 IST" name="setUp" finished-at="2023-03-31T18:23:12 IST" duration-ms="3185" status="PASS">
          <reporter-output>
          </reporter-output>
        </test-method> <!-- setUp -->
        <test-method signature="loginDtt(java.lang.String,java.lang.String,java.lang.String)[pri:0, instance:testcases.VerifyLoginDDT@5b799640]" started-at="2023-03-31T18:23:12 IST" name="loginDtt" data-provider="LoginCred" finished-at="2023-03-31T18:23:22 IST" duration-ms="10424" status="PASS">
          <params>
            <param index="0">
              <value>
                <![CDATA[pavan@gmail.com]]>
              </value>
            </param>
            <param index="1">
              <value>
                <![CDATA[test123]]>
              </value>
            </param>
            <param index="2">
              <value>
                <![CDATA[Invalid]]>
              </value>
            </param>
          </params>
          <reporter-output>
          </reporter-output>
        </test-method> <!-- loginDtt -->
        <test-method is-config="true" signature="tearDown()[pri:0, instance:testcases.VerifyLoginDDT@5b799640]" started-at="2023-03-31T18:23:22 IST" name="tearDown" finished-at="2023-03-31T18:23:23 IST" duration-ms="321" status="PASS">
          <reporter-output>
          </reporter-output>
        </test-method> <!-- tearDown -->
        <test-method is-config="true" signature="setUp()[pri:0, instance:testcases.VerifyLoginDDT@5b799640]" started-at="2023-03-31T18:23:23 IST" name="setUp" finished-at="2023-03-31T18:23:26 IST" duration-ms="3407" status="PASS">
          <reporter-output>
          </reporter-output>
        </test-method> <!-- setUp -->
        <test-method signature="loginDtt(java.lang.String,java.lang.String,java.lang.String)[pri:0, instance:testcases.VerifyLoginDDT@5b799640]" started-at="2023-03-31T18:23:26 IST" name="loginDtt" data-provider="LoginCred" finished-at="2023-03-31T18:23:27 IST" duration-ms="762" status="PASS">
          <params>
            <param index="0">
              <value>
                <![CDATA[standard_user]]>
              </value>
            </param>
            <param index="1">
              <value>
                <![CDATA[secret_sauce]]>
              </value>
            </param>
            <param index="2">
              <value>
                <![CDATA[Valid]]>
              </value>
            </param>
          </params>
          <reporter-output>
          </reporter-output>
        </test-method> <!-- loginDtt -->
        <test-method is-config="true" signature="tearDown()[pri:0, instance:testcases.VerifyLoginDDT@5b799640]" started-at="2023-03-31T18:23:27 IST" name="tearDown" finished-at="2023-03-31T18:23:27 IST" duration-ms="396" status="PASS">
          <reporter-output>
          </reporter-output>
        </test-method> <!-- tearDown -->
      </class> <!-- testcases.VerifyLoginDDT -->
      <class name="testcases.End">
        <test-method is-config="true" signature="setUp()[pri:0, instance:testcases.End@359df09a]" started-at="2023-03-31T18:22:34 IST" name="setUp" finished-at="2023-03-31T18:22:43 IST" duration-ms="8622" status="PASS">
          <reporter-output>
          </reporter-output>
        </test-method> <!-- setUp -->
        <test-method signature="sauce()[pri:0, instance:testcases.End@359df09a]" started-at="2023-03-31T18:22:43 IST" name="sauce" finished-at="2023-03-31T18:22:46 IST" duration-ms="3014" status="PASS">
          <reporter-output>
          </reporter-output>
        </test-method> <!-- sauce -->
        <test-method is-config="true" signature="tearDown()[pri:0, instance:testcases.End@359df09a]" started-at="2023-03-31T18:22:46 IST" name="tearDown" finished-at="2023-03-31T18:22:46 IST" duration-ms="365" status="PASS">
          <reporter-output>
          </reporter-output>
        </test-method> <!-- tearDown -->
      </class> <!-- testcases.End -->
    </test> <!-- Test -->
  </suite> <!-- Suite -->
</testng-results>
